20170630,12:30:46,108.27 MB, 
20170630,12:30:46,100.11 MB, 
20170630,12:30:46,84.82 MB, 
20170630,12:30:51,108.27 MB, 
20170630,12:30:51,100.11 MB, 
20170630,12:30:51,84.82 MB, 
20170630,12:31:09,108.27 MB, 
20170630,12:31:09,100.11 MB, 
20170630,12:31:09,84.82 MB, 
20170630,12:31:32,108.27 MB, 
20170630,12:31:32,100.11 MB, 
20170630,12:31:32,84.82 MB, 
20170630,12:31:47,108.27 MB, 
20170630,12:31:47,100.11 MB, 
20170630,12:31:47,84.82 MB, 
20170630,12:35:41,108.27 MB, 
20170630,12:35:41,100.11 MB, 
20170630,12:35:41,84.82 MB, 
20170630,12:36:24,108.27 MB 
20170630,12:36:24,100.11 MB 
20170630,12:36:24,84.82 MB 
108.27 MB 
100.11 MB 
84.82 MB 
20170630,12:37:07,108.27 MB 
20170630,12:37:07,100.11 MB 
20170630,12:37:07,84.82 MB 
